<?xml version="1.0" encoding="UTF-8"?>
<!-- Generated by org.testng.reporters.JUnitReportReporter -->
<testsuite hostname="Dell" name="com.employeeapi.testcases.TC005_Delete_Employee_Record" tests="2" failures="0" timestamp="21 Sep 2019 11:44:35 GMT" time="0.014" errors="0">
  <testcase name="getResponseBody" time="0.007" classname="com.employeeapi.testcases.TC005_Delete_Employee_Record"/>
  <testcase name="validateStatusCode" time="0.007" classname="com.employeeapi.testcases.TC005_Delete_Employee_Record"/>
</testsuite> <!-- com.employeeapi.testcases.TC005_Delete_Employee_Record -->
