<?xml version="1.0" encoding="UTF-8"?>
<!-- Generated by org.testng.reporters.JUnitReportReporter -->
<testsuite hostname="Dell" name="com.employeeapi.testcases.TC003_Post_Employee_Record" tests="8" failures="0" timestamp="21 Sep 2019 11:44:35 GMT" time="0.016" errors="0">
  <testcase name="checkServer" time="0.001" classname="com.employeeapi.testcases.TC003_Post_Employee_Record"/>
  <testcase name="checkStatusCode" time="0.001" classname="com.employeeapi.testcases.TC003_Post_Employee_Record"/>
  <testcase name="checkContentLength" time="0.001" classname="com.employeeapi.testcases.TC003_Post_Employee_Record"/>
  <testcase name="checkContentType" time="0.007" classname="com.employeeapi.testcases.TC003_Post_Employee_Record"/>
  <testcase name="checkResponseBody" time="0.002" classname="com.employeeapi.testcases.TC003_Post_Employee_Record"/>
  <testcase name="checkStatusLine" time="0.001" classname="com.employeeapi.testcases.TC003_Post_Employee_Record"/>
  <testcase name="checkContentEncoding" time="0.002" classname="com.employeeapi.testcases.TC003_Post_Employee_Record"/>
  <testcase name="checkSuccessCode" time="0.001" classname="com.employeeapi.testcases.TC003_Post_Employee_Record"/>
</testsuite> <!-- com.employeeapi.testcases.TC003_Post_Employee_Record -->
