<?xml version="1.0" encoding="UTF-8"?>
<!-- Generated by org.testng.reporters.JUnitReportReporter -->
<testsuite hostname="Dell" name="com.employeeapi.testcases.TC004_Put_Employee_Record" tests="1" failures="0" timestamp="21 Sep 2019 11:44:35 GMT" time="0.002" errors="0">
  <testcase name="checkResponseBody" time="0.002" classname="com.employeeapi.testcases.TC004_Put_Employee_Record"/>
</testsuite> <!-- com.employeeapi.testcases.TC004_Put_Employee_Record -->
